<!DOCTYPE html PUBLIC "-//W3C//DTD XHTML 1.1//EN" "http://www.w3.org/TR/xhtml11/DTD/xhtml11.dtd">
<html xmlns="http://www.w3.org/1999/xhtml"><head><title>TestNG Report</title><style type="text/css">table {margin-bottom:10px;border-collapse:collapse;empty-cells:show}th,td {border:1px solid #009;padding:.25em .5em}th {vertical-align:bottom}td {vertical-align:top}table a {font-weight:bold}.stripe td {background-color: #E6EBF9}.num {text-align:right}.passedodd td {background-color: #3F3}.passedeven td {background-color: #0A0}.skippedodd td {background-color: #DDD}.skippedeven td {background-color: #CCC}.failedodd td,.attn {background-color: #F33}.failedeven td,.stripe .attn {background-color: #D00}.stacktrace {white-space:pre;font-family:monospace}.totop {font-size:85%;text-align:center;border-bottom:2px solid #000}</style></head><body><table><tr><th>Test</th><th># Passed</th><th># Skipped</th><th># Failed</th><th>Time (ms)</th><th>Included Groups</th><th>Excluded Groups</th></tr><tr><th colspan="7">Default suite</th></tr><tr><td><a href="#t0">Default test</a></td><td class="num">9</td><td class="num">0</td><td class="num attn">1</td><td class="num">202,476</td><td></td><td></td></tr></table><table><thead><tr><th>Class</th><th>Method</th><th>Start</th><th>Time (ms)</th></tr></thead><tbody><tr><th colspan="4">Default suite</th></tr></tbody><tbody id="t0"><tr><th colspan="4">Default test &#8212; failed</th></tr><tr class="failedeven"><td rowspan="1">innproj.InnotasProj</td><td><a href="#m0">Tasks</a></td><td rowspan="1">1480242571086</td><td rowspan="1">28745</td></tr><tr><th colspan="4">Default test &#8212; passed</th></tr><tr class="passedeven"><td rowspan="9">innproj.InnotasProj</td><td><a href="#m1">Rolefteupdate</a></td><td rowspan="1">1480242520526</td><td rowspan="1">6662</td></tr><tr class="passedeven"><td><a href="#m2">addRes</a></td><td rowspan="1">1480242546944</td><td rowspan="1">12762</td></tr><tr class="passedeven"><td><a href="#m3">addUpdatebillingrate</a></td><td rowspan="1">1480242567166</td><td rowspan="1">3919</td></tr><tr class="passedeven"><td><a href="#m4">addresfteupdate</a></td><td rowspan="1">1480242559708</td><td rowspan="1">7457</td></tr><tr class="passedeven"><td><a href="#m5">innoLogin</a></td><td rowspan="1">1480242397516</td><td rowspan="1">54056</td></tr><tr class="passedeven"><td><a href="#m6">projcreation</a></td><td rowspan="1">1480242451638</td><td rowspan="1">24218</td></tr><tr class="passedeven"><td><a href="#m7">projectRoleadd</a></td><td rowspan="1">1480242500187</td><td rowspan="1">20335</td></tr><tr class="passedeven"><td><a href="#m8">projectUpdation</a></td><td rowspan="1">1480242475857</td><td rowspan="1">24329</td></tr><tr class="passedeven"><td><a href="#m9">roleResadd</a></td><td rowspan="1">1480242527190</td><td rowspan="1">19752</td></tr></tbody></table><h2>Default test</h2><h3 id="m0">innproj.InnotasProj#Tasks</h3><table class="result"><tr><th>Exception</th></tr><tr><td><div class="stacktrace">org.openqa.selenium.NoSuchElementException: Unable to locate element: {&quot;method&quot;:&quot;xpath&quot;,&quot;selector&quot;:&quot;//input[@name=&apos;title&apos;]&quot;}
Command duration or timeout: 20 milliseconds
For documentation on this error, please visit: http://seleniumhq.org/exceptions/no_such_element.html
Build info: version: &apos;2.53.0&apos;, revision: &apos;35ae25b&apos;, time: &apos;2016-03-15 16:57:40&apos;
System info: host: &apos;JITHU-PC&apos;, ip: &apos;192.168.0.2&apos;, os.name: &apos;Windows 10&apos;, os.arch: &apos;amd64&apos;, os.version: &apos;10.0&apos;, java.version: &apos;1.8.0_91&apos;
Driver info: org.openqa.selenium.firefox.FirefoxDriver
Capabilities [{applicationCacheEnabled=true, rotatable=false, handlesAlerts=true, databaseEnabled=true, version=42.0, platform=WINDOWS, nativeEvents=false, acceptSslCerts=true, webStorageEnabled=true, locationContextEnabled=true, browserName=firefox, takesScreenshot=true, javascriptEnabled=true, cssSelectorsEnabled=true}]
Session ID: 3084083b-cec1-4d6b-b3f7-21b9f62fdee3
*** Element info: {Using=xpath, value=//input[@name=&apos;title&apos;]}
	at sun.reflect.NativeConstructorAccessorImpl.newInstance0(Native Method)
	at sun.reflect.NativeConstructorAccessorImpl.newInstance(Unknown Source)
	at sun.reflect.DelegatingConstructorAccessorImpl.newInstance(Unknown Source)
	at java.lang.reflect.Constructor.newInstance(Unknown Source)
	at org.openqa.selenium.remote.ErrorHandler.createThrowable(ErrorHandler.java:206)
	at org.openqa.selenium.remote.ErrorHandler.throwIfResponseFailed(ErrorHandler.java:158)
	at org.openqa.selenium.remote.RemoteWebDriver.execute(RemoteWebDriver.java:678)
	at org.openqa.selenium.remote.RemoteWebDriver.findElement(RemoteWebDriver.java:363)
	at org.openqa.selenium.remote.RemoteWebDriver.findElementByXPath(RemoteWebDriver.java:500)
	at org.openqa.selenium.By$ByXPath.findElement(By.java:361)
	at org.openqa.selenium.remote.RemoteWebDriver.findElement(RemoteWebDriver.java:355)
	at innproj.InnotasProj.Tasks(InnotasProj.java:281)
	at sun.reflect.NativeMethodAccessorImpl.invoke0(Native Method)
	at sun.reflect.NativeMethodAccessorImpl.invoke(Unknown Source)
	at sun.reflect.DelegatingMethodAccessorImpl.invoke(Unknown Source)
	at java.lang.reflect.Method.invoke(Unknown Source)
	at org.testng.internal.MethodInvocationHelper.invokeMethod(MethodInvocationHelper.java:85)
	at org.testng.internal.Invoker.invokeMethod(Invoker.java:639)
	at org.testng.internal.Invoker.invokeTestMethod(Invoker.java:816)
	at org.testng.internal.Invoker.invokeTestMethods(Invoker.java:1124)
	at org.testng.internal.TestMethodWorker.invokeTestMethods(TestMethodWorker.java:125)
	at org.testng.internal.TestMethodWorker.run(TestMethodWorker.java:108)
	at org.testng.TestRunner.privateRun(TestRunner.java:774)
	at org.testng.TestRunner.run(TestRunner.java:624)
	at org.testng.SuiteRunner.runTest(SuiteRunner.java:359)
	at org.testng.SuiteRunner.runSequentially(SuiteRunner.java:354)
	at org.testng.SuiteRunner.privateRun(SuiteRunner.java:312)
	at org.testng.SuiteRunner.run(SuiteRunner.java:261)
	at org.testng.SuiteRunnerWorker.runSuite(SuiteRunnerWorker.java:52)
	at org.testng.SuiteRunnerWorker.run(SuiteRunnerWorker.java:86)
	at org.testng.TestNG.runSuitesSequentially(TestNG.java:1215)
	at org.testng.TestNG.runSuitesLocally(TestNG.java:1140)
	at org.testng.TestNG.run(TestNG.java:1048)
	at org.testng.remote.AbstractRemoteTestNG.run(AbstractRemoteTestNG.java:132)
	at org.testng.remote.RemoteTestNG.initAndRun(RemoteTestNG.java:236)
	at org.testng.remote.RemoteTestNG.main(RemoteTestNG.java:81)
Caused by: org.openqa.selenium.NoSuchElementException: Unable to locate element: {&quot;method&quot;:&quot;xpath&quot;,&quot;selector&quot;:&quot;//input[@name=&apos;title&apos;]&quot;}
For documentation on this error, please visit: http://seleniumhq.org/exceptions/no_such_element.html
Build info: version: &apos;2.53.0&apos;, revision: &apos;35ae25b&apos;, time: &apos;2016-03-15 16:57:40&apos;
System info: host: &apos;JITHU-PC&apos;, ip: &apos;192.168.0.2&apos;, os.name: &apos;Windows 10&apos;, os.arch: &apos;amd64&apos;, os.version: &apos;10.0&apos;, java.version: &apos;1.8.0_91&apos;
Driver info: driver.version: unknown
	at &lt;anonymous class&gt;.FirefoxDriver.prototype.findElementInternal_(file:///C:/Users/JITHU_~1/AppData/Local/Temp/anonymous2011135325264584419webdriver-profile/extensions/fxdriver@googlecode.com/components/driver-component.js:10770)
	at &lt;anonymous class&gt;.FirefoxDriver.prototype.findElement(file:///C:/Users/JITHU_~1/AppData/Local/Temp/anonymous2011135325264584419webdriver-profile/extensions/fxdriver@googlecode.com/components/driver-component.js:10779)
	at &lt;anonymous class&gt;.DelayedCommand.prototype.executeInternal_/h(file:///C:/Users/JITHU_~1/AppData/Local/Temp/anonymous2011135325264584419webdriver-profile/extensions/fxdriver@googlecode.com/components/command-processor.js:12661)
	at &lt;anonymous class&gt;.DelayedCommand.prototype.executeInternal_(file:///C:/Users/JITHU_~1/AppData/Local/Temp/anonymous2011135325264584419webdriver-profile/extensions/fxdriver@googlecode.com/components/command-processor.js:12666)
	at &lt;anonymous class&gt;.DelayedCommand.prototype.execute/&lt;(file:///C:/Users/JITHU_~1/AppData/Local/Temp/anonymous2011135325264584419webdriver-profile/extensions/fxdriver@googlecode.com/components/command-processor.js:12608)
</div></td></tr></table><p class="totop"><a href="#summary">back to summary</a></p><h3 id="m1">innproj.InnotasProj#Rolefteupdate</h3><table class="result"></table><p class="totop"><a href="#summary">back to summary</a></p><h3 id="m2">innproj.InnotasProj#addRes</h3><table class="result"></table><p class="totop"><a href="#summary">back to summary</a></p><h3 id="m3">innproj.InnotasProj#addUpdatebillingrate</h3><table class="result"></table><p class="totop"><a href="#summary">back to summary</a></p><h3 id="m4">innproj.InnotasProj#addresfteupdate</h3><table class="result"></table><p class="totop"><a href="#summary">back to summary</a></p><h3 id="m5">innproj.InnotasProj#innoLogin</h3><table class="result"></table><p class="totop"><a href="#summary">back to summary</a></p><h3 id="m6">innproj.InnotasProj#projcreation</h3><table class="result"></table><p class="totop"><a href="#summary">back to summary</a></p><h3 id="m7">innproj.InnotasProj#projectRoleadd</h3><table class="result"></table><p class="totop"><a href="#summary">back to summary</a></p><h3 id="m8">innproj.InnotasProj#projectUpdation</h3><table class="result"></table><p class="totop"><a href="#summary">back to summary</a></p><h3 id="m9">innproj.InnotasProj#roleResadd</h3><table class="result"></table><p class="totop"><a href="#summary">back to summary</a></p></body></html>