<?xml version="1.0" encoding="UTF-8"?>
<testng-results skipped="0" failed="1" total="10" passed="9">
  <reporter-output>
  </reporter-output>
  <suite name="Default suite" duration-ms="202476" started-at="2016-11-27T10:26:37Z" finished-at="2016-11-27T10:29:59Z">
    <groups>
    </groups>
    <test name="Default test" duration-ms="202476" started-at="2016-11-27T10:26:37Z" finished-at="2016-11-27T10:29:59Z">
      <class name="innproj.InnotasProj">
        <test-method status="PASS" signature="innoLogin()[pri:0, instance:innproj.InnotasProj@120f102b]" name="innoLogin" duration-ms="54056" started-at="2016-11-27T15:56:37Z" finished-at="2016-11-27T15:57:31Z">
          <reporter-output>
          </reporter-output>
        </test-method> <!-- innoLogin -->
        <test-method status="PASS" signature="projcreation()[pri:1, instance:innproj.InnotasProj@120f102b]" name="projcreation" duration-ms="24218" started-at="2016-11-27T15:57:31Z" finished-at="2016-11-27T15:57:55Z">
          <reporter-output>
          </reporter-output>
        </test-method> <!-- projcreation -->
        <test-method status="PASS" signature="projectUpdation()[pri:2, instance:innproj.InnotasProj@120f102b]" name="projectUpdation" duration-ms="24329" started-at="2016-11-27T15:57:55Z" finished-at="2016-11-27T15:58:20Z">
          <reporter-output>
          </reporter-output>
        </test-method> <!-- projectUpdation -->
        <test-method status="PASS" signature="projectRoleadd()[pri:3, instance:innproj.InnotasProj@120f102b]" name="projectRoleadd" duration-ms="20335" started-at="2016-11-27T15:58:20Z" finished-at="2016-11-27T15:58:40Z">
          <reporter-output>
          </reporter-output>
        </test-method> <!-- projectRoleadd -->
        <test-method status="PASS" signature="Rolefteupdate()[pri:4, instance:innproj.InnotasProj@120f102b]" name="Rolefteupdate" duration-ms="6662" started-at="2016-11-27T15:58:40Z" finished-at="2016-11-27T15:58:47Z">
          <reporter-output>
          </reporter-output>
        </test-method> <!-- Rolefteupdate -->
        <test-method status="PASS" signature="roleResadd()[pri:5, instance:innproj.InnotasProj@120f102b]" name="roleResadd" duration-ms="19752" started-at="2016-11-27T15:58:47Z" finished-at="2016-11-27T15:59:06Z">
          <reporter-output>
          </reporter-output>
        </test-method> <!-- roleResadd -->
        <test-method status="PASS" signature="addRes()[pri:6, instance:innproj.InnotasProj@120f102b]" name="addRes" duration-ms="12762" started-at="2016-11-27T15:59:06Z" finished-at="2016-11-27T15:59:19Z">
          <reporter-output>
          </reporter-output>
        </test-method> <!-- addRes -->
        <test-method status="PASS" signature="addresfteupdate()[pri:7, instance:innproj.InnotasProj@120f102b]" name="addresfteupdate" duration-ms="7457" started-at="2016-11-27T15:59:19Z" finished-at="2016-11-27T15:59:27Z">
          <reporter-output>
          </reporter-output>
        </test-method> <!-- addresfteupdate -->
        <test-method status="PASS" signature="addUpdatebillingrate()[pri:8, instance:innproj.InnotasProj@120f102b]" name="addUpdatebillingrate" duration-ms="3919" started-at="2016-11-27T15:59:27Z" finished-at="2016-11-27T15:59:31Z">
          <reporter-output>
          </reporter-output>
        </test-method> <!-- addUpdatebillingrate -->
        <test-method status="FAIL" signature="Tasks()[pri:9, instance:innproj.InnotasProj@120f102b]" name="Tasks" duration-ms="28745" started-at="2016-11-27T15:59:31Z" finished-at="2016-11-27T15:59:59Z">
          <exception class="org.openqa.selenium.NoSuchElementException">
            <message>
              <![CDATA[Unable to locate element: {"method":"xpath","selector":"//input[@name='title']"}
Command duration or timeout: 20 milliseconds
For documentation on this error, please visit: http://seleniumhq.org/exceptions/no_such_element.html
Build info: version: '2.53.0', revision: '35ae25b', time: '2016-03-15 16:57:40'
System info: host: 'JITHU-PC', ip: '192.168.0.2', os.name: 'Windows 10', os.arch: 'amd64', os.version: '10.0', java.version: '1.8.0_91'
Driver info: org.openqa.selenium.firefox.FirefoxDriver
Capabilities [{applicationCacheEnabled=true, rotatable=false, handlesAlerts=true, databaseEnabled=true, version=42.0, platform=WINDOWS, nativeEvents=false, acceptSslCerts=true, webStorageEnabled=true, locationContextEnabled=true, browserName=firefox, takesScreenshot=true, javascriptEnabled=true, cssSelectorsEnabled=true}]
Session ID: 3084083b-cec1-4d6b-b3f7-21b9f62fdee3
*** Element info: {Using=xpath, value=//input[@name='title']}]]>
            </message>
            <full-stacktrace>
              <![CDATA[org.openqa.selenium.NoSuchElementException: Unable to locate element: {"method":"xpath","selector":"//input[@name='title']"}
Command duration or timeout: 20 milliseconds
For documentation on this error, please visit: http://seleniumhq.org/exceptions/no_such_element.html
Build info: version: '2.53.0', revision: '35ae25b', time: '2016-03-15 16:57:40'
System info: host: 'JITHU-PC', ip: '192.168.0.2', os.name: 'Windows 10', os.arch: 'amd64', os.version: '10.0', java.version: '1.8.0_91'
Driver info: org.openqa.selenium.firefox.FirefoxDriver
Capabilities [{applicationCacheEnabled=true, rotatable=false, handlesAlerts=true, databaseEnabled=true, version=42.0, platform=WINDOWS, nativeEvents=false, acceptSslCerts=true, webStorageEnabled=true, locationContextEnabled=true, browserName=firefox, takesScreenshot=true, javascriptEnabled=true, cssSelectorsEnabled=true}]
Session ID: 3084083b-cec1-4d6b-b3f7-21b9f62fdee3
*** Element info: {Using=xpath, value=//input[@name='title']}
	at sun.reflect.NativeConstructorAccessorImpl.newInstance0(Native Method)
	at sun.reflect.NativeConstructorAccessorImpl.newInstance(Unknown Source)
	at sun.reflect.DelegatingConstructorAccessorImpl.newInstance(Unknown Source)
	at java.lang.reflect.Constructor.newInstance(Unknown Source)
	at org.openqa.selenium.remote.ErrorHandler.createThrowable(ErrorHandler.java:206)
	at org.openqa.selenium.remote.ErrorHandler.throwIfResponseFailed(ErrorHandler.java:158)
	at org.openqa.selenium.remote.RemoteWebDriver.execute(RemoteWebDriver.java:678)
	at org.openqa.selenium.remote.RemoteWebDriver.findElement(RemoteWebDriver.java:363)
	at org.openqa.selenium.remote.RemoteWebDriver.findElementByXPath(RemoteWebDriver.java:500)
	at org.openqa.selenium.By$ByXPath.findElement(By.java:361)
	at org.openqa.selenium.remote.RemoteWebDriver.findElement(RemoteWebDriver.java:355)
	at innproj.InnotasProj.Tasks(InnotasProj.java:281)
	at sun.reflect.NativeMethodAccessorImpl.invoke0(Native Method)
	at sun.reflect.NativeMethodAccessorImpl.invoke(Unknown Source)
	at sun.reflect.DelegatingMethodAccessorImpl.invoke(Unknown Source)
	at java.lang.reflect.Method.invoke(Unknown Source)
	at org.testng.internal.MethodInvocationHelper.invokeMethod(MethodInvocationHelper.java:85)
	at org.testng.internal.Invoker.invokeMethod(Invoker.java:639)
	at org.testng.internal.Invoker.invokeTestMethod(Invoker.java:816)
	at org.testng.internal.Invoker.invokeTestMethods(Invoker.java:1124)
	at org.testng.internal.TestMethodWorker.invokeTestMethods(TestMethodWorker.java:125)
	at org.testng.internal.TestMethodWorker.run(TestMethodWorker.java:108)
	at org.testng.TestRunner.privateRun(TestRunner.java:774)
	at org.testng.TestRunner.run(TestRunner.java:624)
	at org.testng.SuiteRunner.runTest(SuiteRunner.java:359)
	at org.testng.SuiteRunner.runSequentially(SuiteRunner.java:354)
	at org.testng.SuiteRunner.privateRun(SuiteRunner.java:312)
	at org.testng.SuiteRunner.run(SuiteRunner.java:261)
	at org.testng.SuiteRunnerWorker.runSuite(SuiteRunnerWorker.java:52)
	at org.testng.SuiteRunnerWorker.run(SuiteRunnerWorker.java:86)
	at org.testng.TestNG.runSuitesSequentially(TestNG.java:1215)
	at org.testng.TestNG.runSuitesLocally(TestNG.java:1140)
	at org.testng.TestNG.run(TestNG.java:1048)
	at org.testng.remote.AbstractRemoteTestNG.run(AbstractRemoteTestNG.java:132)
	at org.testng.remote.RemoteTestNG.initAndRun(RemoteTestNG.java:236)
	at org.testng.remote.RemoteTestNG.main(RemoteTestNG.java:81)
Caused by: org.openqa.selenium.NoSuchElementException: Unable to locate element: {"method":"xpath","selector":"//input[@name='title']"}
For documentation on this error, please visit: http://seleniumhq.org/exceptions/no_such_element.html
Build info: version: '2.53.0', revision: '35ae25b', time: '2016-03-15 16:57:40'
System info: host: 'JITHU-PC', ip: '192.168.0.2', os.name: 'Windows 10', os.arch: 'amd64', os.version: '10.0', java.version: '1.8.0_91'
Driver info: driver.version: unknown
	at <anonymous class>.FirefoxDriver.prototype.findElementInternal_(file:///C:/Users/JITHU_~1/AppData/Local/Temp/anonymous2011135325264584419webdriver-profile/extensions/fxdriver@googlecode.com/components/driver-component.js:10770)
	at <anonymous class>.FirefoxDriver.prototype.findElement(file:///C:/Users/JITHU_~1/AppData/Local/Temp/anonymous2011135325264584419webdriver-profile/extensions/fxdriver@googlecode.com/components/driver-component.js:10779)
	at <anonymous class>.DelayedCommand.prototype.executeInternal_/h(file:///C:/Users/JITHU_~1/AppData/Local/Temp/anonymous2011135325264584419webdriver-profile/extensions/fxdriver@googlecode.com/components/command-processor.js:12661)
	at <anonymous class>.DelayedCommand.prototype.executeInternal_(file:///C:/Users/JITHU_~1/AppData/Local/Temp/anonymous2011135325264584419webdriver-profile/extensions/fxdriver@googlecode.com/components/command-processor.js:12666)
	at <anonymous class>.DelayedCommand.prototype.execute/<(file:///C:/Users/JITHU_~1/AppData/Local/Temp/anonymous2011135325264584419webdriver-profile/extensions/fxdriver@googlecode.com/components/command-processor.js:12608)
]]>
            </full-stacktrace>
          </exception> <!-- org.openqa.selenium.NoSuchElementException -->
          <reporter-output>
          </reporter-output>
        </test-method> <!-- Tasks -->
      </class> <!-- innproj.InnotasProj -->
    </test> <!-- Default test -->
  </suite> <!-- Default suite -->
</testng-results>
